TN:
SF:/Users/abdo.rakhma/Work/vue-playground/centralpoint/src/components/Form.vue
FN:37,(anonymous_1)
FN:38,(anonymous_2)
FN:39,(anonymous_3)
FN:40,(anonymous_4)
FN:42,(anonymous_5)
FN:45,(anonymous_6)
FN:51,(anonymous_7)
FN:56,(anonymous_8)
FN:59,(anonymous_9)
FN:62,(anonymous_10)
FNF:10
FNH:10
FNDA:2,(anonymous_1)
FNDA:2,(anonymous_2)
FNDA:2,(anonymous_3)
FNDA:2,(anonymous_4)
FNDA:2,(anonymous_5)
FNDA:8,(anonymous_6)
FNDA:4,(anonymous_7)
FNDA:1,(anonymous_8)
FNDA:2,(anonymous_9)
FNDA:3,(anonymous_10)
DA:31,2
DA:33,2
DA:38,2
DA:39,2
DA:40,2
DA:43,2
DA:45,8
DA:52,4
DA:57,1
DA:60,2
DA:61,2
DA:62,5
DA:65,2
DA:66,1
DA:68,1
LF:15
LH:15
BRDA:65,0,0,1
BRDA:65,0,1,1
BRF:2
BRH:2
end_of_record
TN:
SF:/Users/abdo.rakhma/Work/vue-playground/centralpoint/src/components/Modal.vue
FN:17,(anonymous_1)
FNF:1
FNH:1
FNDA:1,(anonymous_1)
DA:18,1
LF:1
LH:1
BRF:0
BRH:0
end_of_record
TN:
SF:/Users/abdo.rakhma/Work/vue-playground/centralpoint/src/components/SearchInput.vue
FN:25,(anonymous_1)
FN:28,(anonymous_2)
FNF:2
FNH:2
FNDA:1,(anonymous_1)
FNDA:1,(anonymous_2)
DA:26,1
DA:29,1
LF:2
LH:2
BRF:0
BRH:0
end_of_record
TN:
SF:/Users/abdo.rakhma/Work/vue-playground/centralpoint/src/components/Table.vue
FN:47,(anonymous_1)
FN:50,(anonymous_2)
FNF:2
FNH:2
FNDA:1,(anonymous_1)
FNDA:1,(anonymous_2)
DA:48,1
DA:51,1
LF:2
LH:2
BRF:0
BRH:0
end_of_record
TN:
SF:/Users/abdo.rakhma/Work/vue-playground/centralpoint/src/screens/CreateProduct.vue
FN:41,(anonymous_1)
FN:50,(anonymous_2)
FN:61,(anonymous_3)
FN:65,(anonymous_4)
FN:68,(anonymous_5)
FN:74,(anonymous_6)
FNF:6
FNH:1
FNDA:4,(anonymous_1)
FNDA:0,(anonymous_2)
FNDA:0,(anonymous_3)
FNDA:0,(anonymous_4)
FNDA:0,(anonymous_5)
FNDA:0,(anonymous_6)
DA:34,1
DA:36,1
DA:37,1
DA:40,1
DA:41,1
DA:42,4
DA:43,4
DA:51,0
DA:62,0
DA:63,0
DA:66,0
DA:69,0
DA:70,0
DA:71,0
DA:75,0
LF:15
LH:7
BRDA:70,0,0,0
BRDA:70,0,1,0
BRF:2
BRH:0
end_of_record
TN:
SF:/Users/abdo.rakhma/Work/vue-playground/centralpoint/src/screens/EditProduct.vue
FN:25,(anonymous_1)
FN:30,(anonymous_2)
FN:38,(anonymous_3)
FN:41,(anonymous_4)
FNF:4
FNH:0
FNDA:0,(anonymous_1)
FNDA:0,(anonymous_2)
FNDA:0,(anonymous_3)
FNDA:0,(anonymous_4)
DA:17,1
DA:19,1
DA:26,0
DA:31,0
DA:39,0
DA:42,0
DA:43,0
DA:44,0
LF:8
LH:2
BRDA:43,0,0,0
BRDA:43,0,1,0
BRF:2
BRH:0
end_of_record
TN:
SF:/Users/abdo.rakhma/Work/vue-playground/centralpoint/src/screens/Home.vue
FN:39,(anonymous_1)
FN:48,(anonymous_2)
FN:54,(anonymous_3)
FN:59,(anonymous_4)
FN:67,(anonymous_6)
FN:79,(anonymous_7)
FN:86,(anonymous_8)
FN:97,(anonymous_9)
FNF:8
FNH:6
FNDA:1,(anonymous_1)
FNDA:1,(anonymous_2)
FNDA:3,(anonymous_3)
FNDA:0,(anonymous_4)
FNDA:2,(anonymous_6)
FNDA:2,(anonymous_7)
FNDA:0,(anonymous_8)
FNDA:1,(anonymous_9)
DA:26,1
DA:28,1
DA:29,1
DA:30,1
DA:31,1
DA:33,1
DA:40,1
DA:49,1
DA:55,3
DA:56,3
DA:57,3
DA:59,0
DA:61,0
DA:62,0
DA:67,3
DA:68,2
DA:69,2
DA:70,2
DA:71,1
DA:73,1
DA:80,2
DA:81,1
DA:83,1
DA:87,0
DA:88,0
DA:89,0
DA:90,0
DA:98,1
LF:28
LH:21
BRDA:56,0,0,3
BRDA:56,0,1,0
BRDA:70,1,0,1
BRDA:70,1,1,1
BRDA:71,2,0,1
BRDA:71,2,1,0
BRDA:73,3,0,0
BRDA:73,3,1,1
BRDA:80,4,0,1
BRDA:80,4,1,1
BRDA:81,5,0,1
BRDA:81,5,1,0
BRDA:87,6,0,0
BRDA:87,6,1,0
BRDA:89,7,0,0
BRDA:89,7,1,0
BRDA:98,8,0,1
BRDA:98,8,1,1
BRF:18
BRH:10
end_of_record
